<?xml version="1.0" encoding="UTF-8"?>
<!-- Generated by org.testng.reporters.JUnitReportReporter -->
<testsuite hostname="LAPTOP-V0JJPC90" failures="0" tests="3" name="bcdd.loginTest" time="103.884" errors="0" timestamp="2019-11-16T08:15:48 IST" skipped="0">
  <testcase classname="bcdd.loginTest" name="bloginTest" time="32.254"/>
  <testcase classname="bcdd.loginTest" name="bloginTest" time="35.934"/>
  <testcase classname="bcdd.loginTest" name="bloginTest" time="35.696"/>
</testsuite> <!-- bcdd.loginTest -->
