<?xml version="1.0" encoding="UTF-8"?>
<!-- Generated by org.testng.reporters.JUnitReportReporter -->
<testsuite hostname="LAPTOP-V0JJPC90" failures="0" tests="2" name="bcdd.NewTest" time="0.000" errors="0" timestamp="2019-11-16T08:15:48 IST" skipped="0">
  <testcase classname="bcdd.NewTest" name="browser" time="0.000"/>
  <testcase classname="bcdd.NewTest" name="login" time="0.000"/>
</testsuite> <!-- bcdd.NewTest -->
