<?xml version="1.0" encoding="UTF-8"?>
<!-- Generated by org.testng.reporters.JUnitReportReporter -->
<testsuite hostname="LAPTOP-V0JJPC90" failures="0" tests="2" name="bcdd.CobpTest" time="0.013" errors="0" timestamp="2019-11-16T08:15:48 IST" skipped="0">
  <testcase classname="bcdd.CobpTest" name="enterMsisdn" time="0.012"/>
  <testcase classname="bcdd.CobpTest" name="existingCustomer" time="0.001"/>
</testsuite> <!-- bcdd.CobpTest -->
